<?xml version="1.0" encoding="UTF-8"?>
<testsuite xmlns:xsi="http://www.w3.org/2001/XMLSchema-instance" xsi:noNamespaceSchemaLocation="https://maven.apache.org/surefire/maven-surefire-plugin/xsd/surefire-test-report-3.0.xsd" version="3.0" name="TestSuite" time="66.45" tests="4" errors="0" skipped="0" failures="0">
  <properties>
[...]
</properties>
  <testcase name="checkTitle" classname="rahulshettyacademy.TestDemo" time="12.484">
    <system-out><![CDATA[Selenium, API Testing, Software Testing & More QA Tutorials | Rahul Shetty Academy
]]></system-out>
    <system-err><![CDATA[Aug 03, 2023 10:00:28 AM org.openqa.selenium.remote.tracing.opentelemetry.OpenTelemetryTracer createTracer
INFO: Using OpenTelemetry for tracing
]]></system-err>
  </testcase>
  <testcase name="checkTitle" classname="rahulshettyacademy.TestDemo" time="37.893">
    <system-out><![CDATA[Selenium, API Testing, Software Testing & More QA Tutorials | Rahul Shetty Academy
]]></system-out>
  </testcase>
  <testcase name="checkTitleGoogle" classname="rahulshettyacademy.TestDemo2" time="8.758"/>
  <testcase name="checkTitleGoogle" classname="rahulshettyacademy.TestDemo2" time="18.184"/>
</testsuite>