<?xml version="1.0" encoding="UTF-8"?>
<testng-results ignored="0" total="4" passed="4" failed="0" skipped="0">
  <reporter-output>
  </reporter-output>
  <suite started-at="2023-08-03T10:00:28 IST" name="Suite" finished-at="2023-08-03T10:01:31 IST" duration-ms="63237">
    <groups>
    </groups>
    <test started-at="2023-08-03T10:00:28 IST" name="Test-0" finished-at="2023-08-03T10:00:40 IST" duration-ms="12568">
      <class name="rahulshettyacademy.TestDemo">
        <test-method signature="checkTitle()[pri:0, instance:rahulshettyacademy.TestDemo@7c211fd0]" started-at="2023-08-03T10:00:28 IST" name="checkTitle" finished-at="2023-08-03T10:00:40 IST" duration-ms="12405" status="PASS">
          <reporter-output>
          </reporter-output>
        </test-method> <!-- checkTitle -->
      </class> <!-- rahulshettyacademy.TestDemo -->
    </test> <!-- Test-0 -->
    <test started-at="2023-08-03T10:00:42 IST" name="TestGoogle-0" finished-at="2023-08-03T10:00:51 IST" duration-ms="8759">
      <class name="rahulshettyacademy.TestDemo2">
        <test-method signature="checkTitleGoogle()[pri:0, instance:rahulshettyacademy.TestDemo2@6edc4161]" started-at="2023-08-03T10:00:42 IST" name="checkTitleGoogle" finished-at="2023-08-03T10:00:51 IST" duration-ms="8693" status="PASS">
          <reporter-output>
          </reporter-output>
        </test-method> <!-- checkTitleGoogle -->
      </class> <!-- rahulshettyacademy.TestDemo2 -->
    </test> <!-- TestGoogle-0 -->
    <test started-at="2023-08-03T10:00:53 IST" name="TestGoogle-1" finished-at="2023-08-03T10:01:11 IST" duration-ms="18195">
      <class name="rahulshettyacademy.TestDemo2">
        <test-method signature="checkTitleGoogle()[pri:0, instance:rahulshettyacademy.TestDemo2@1440c311]" started-at="2023-08-03T10:00:53 IST" name="checkTitleGoogle" finished-at="2023-08-03T10:01:11 IST" duration-ms="18127" status="PASS">
          <reporter-output>
          </reporter-output>
        </test-method> <!-- checkTitleGoogle -->
      </class> <!-- rahulshettyacademy.TestDemo2 -->
    </test> <!-- TestGoogle-1 -->
    <test started-at="2023-08-03T10:00:28 IST" name="Test-1" finished-at="2023-08-03T10:01:31 IST" duration-ms="63237">
      <class name="rahulshettyacademy.TestDemo">
        <test-method signature="checkTitle()[pri:0, instance:rahulshettyacademy.TestDemo@21fff664]" started-at="2023-08-03T10:00:28 IST" name="checkTitle" finished-at="2023-08-03T10:01:31 IST" duration-ms="63088" status="PASS">
          <reporter-output>
          </reporter-output>
        </test-method> <!-- checkTitle -->
      </class> <!-- rahulshettyacademy.TestDemo -->
    </test> <!-- Test-1 -->
  </suite> <!-- Suite -->
</testng-results>
